<?xml version="1.0" encoding="UTF-8"?>
<!-- Generated by org.testng.reporters.JUnitXMLReporter -->
<testsuite ignored="0" hostname="LAPTOP-FI61GJVC" failures="1" tests="2" name="Test2" time="11.54" errors="0" timestamp="2025-10-23T12:24:16 IST">
  <testcase classname="Test_NG.parallertesting" name="setup" time="10.595"/>
  <testcase classname="Test_NG.parallertesting" name="login" time="0.915">
    <failure type="org.openqa.selenium.NoSuchWindowException" message="Browsing context has been discarded
Build info: version: &amp;apos;4.33.0&amp;apos;, revision: &amp;apos;2c6aaad03a&amp;apos;
System info: os.name: &amp;apos;Windows 11&amp;apos;, os.arch: &amp;apos;amd64&amp;apos;, os.version: &amp;apos;10.0&amp;apos;, java.version: &amp;apos;21.0.7&amp;apos;
Driver info: org.openqa.selenium.firefox.FirefoxDriver
Command: [ba28d5c4-c907-489a-86fb-052dca816139, findElement {using=xpath, value=//input[@name=&amp;apos;username&amp;apos;]}]
Capabilities {acceptInsecureCerts: true, browserName: firefox, browserVersion: 144.0, moz:accessibilityChecks: false, moz:buildID: 20251009125714, moz:geckodriverVersion: 0.36.0, moz:headless: false, moz:platformVersion: 10.0, moz:processID: 29800, moz:profile: C:\Users\HP\AppData\Local\T..., moz:shutdownTimeout: 60000, moz:webdriverClick: true, moz:windowless: false, pageLoadStrategy: normal, platformName: windows, proxy: Proxy(), setWindowRect: true, strictFileInteractability: false, timeouts: {implicit: 0, pageLoad: 300000, script: 30000}, unhandledPromptBehavior: dismiss and notify, userAgent: Mozilla/5.0 (Windows NT 10....}
Session ID: ba28d5c4-c907-489a-86fb-052dca816139">
      <![CDATA[org.openqa.selenium.NoSuchWindowException: Browsing context has been discarded
Build info: version: '4.33.0', revision: '2c6aaad03a'
System info: os.name: 'Windows 11', os.arch: 'amd64', os.version: '10.0', java.version: '21.0.7'
Driver info: org.openqa.selenium.firefox.FirefoxDriver
Command: [ba28d5c4-c907-489a-86fb-052dca816139, findElement {using=xpath, value=//input[@name='username']}]
Capabilities {acceptInsecureCerts: true, browserName: firefox, browserVersion: 144.0, moz:accessibilityChecks: false, moz:buildID: 20251009125714, moz:geckodriverVersion: 0.36.0, moz:headless: false, moz:platformVersion: 10.0, moz:processID: 29800, moz:profile: C:\Users\HP\AppData\Local\T..., moz:shutdownTimeout: 60000, moz:webdriverClick: true, moz:windowless: false, pageLoadStrategy: normal, platformName: windows, proxy: Proxy(), setWindowRect: true, strictFileInteractability: false, timeouts: {implicit: 0, pageLoad: 300000, script: 30000}, unhandledPromptBehavior: dismiss and notify, userAgent: Mozilla/5.0 (Windows NT 10....}
Session ID: ba28d5c4-c907-489a-86fb-052dca816139
at org.openqa.selenium.remote.ErrorCodec.decode(ErrorCodec.java:167)
at org.openqa.selenium.remote.codec.w3c.W3CHttpResponseCodec.decode(W3CHttpResponseCodec.java:138)
at org.openqa.selenium.remote.codec.w3c.W3CHttpResponseCodec.decode(W3CHttpResponseCodec.java:50)
at org.openqa.selenium.remote.HttpCommandExecutor.execute(HttpCommandExecutor.java:215)
at org.openqa.selenium.remote.service.DriverCommandExecutor.invokeExecute(DriverCommandExecutor.java:216)
at org.openqa.selenium.remote.service.DriverCommandExecutor.execute(DriverCommandExecutor.java:174)
at org.openqa.selenium.remote.RemoteWebDriver.execute(RemoteWebDriver.java:544)
at org.openqa.selenium.remote.ElementLocation$ElementFinder$2.findElement(ElementLocation.java:165)
at org.openqa.selenium.remote.ElementLocation.findElement(ElementLocation.java:59)
at org.openqa.selenium.remote.RemoteWebDriver.findElement(RemoteWebDriver.java:367)
at org.openqa.selenium.remote.RemoteWebDriver.findElement(RemoteWebDriver.java:361)
at Test_NG.parallertesting.login(parallertesting.java:28)
at java.base/java.util.ArrayList.forEach(ArrayList.java:1596)
... Removed 28 stack frames]]>
    </failure>
  </testcase> <!-- login -->
</testsuite> <!-- Test2 -->
